09:21:28: XMLMeshSerializer reading mesh data from /home/berry-jam/Desktop/CIS5012/ExtremeBeerPong/dist/media/models/PingPongBall/PingPongBall.mesh.xml...
09:21:28: Reading geometry...
09:21:28: Geometry done...
09:21:28: Reading submeshes...
09:21:28: Submeshes done.
09:21:28: Reading mesh names...
09:21:28: Mesh names done.
09:21:28: XMLMeshSerializer import successful.
09:21:28: MeshSerializer writing mesh data to stream /home/berry-jam/Desktop/CIS5012/ExtremeBeerPong/dist/media/models/PingPongBall/PingPongBall.mesh...
09:21:28: File header written.
09:21:28: Writing mesh data...
09:21:28: Writing submesh...
09:21:28: Exporting submesh texture aliases...
09:21:28: Submesh texture aliases exported.
09:21:28: Submesh exported.
09:21:28: Exporting bounds information....
09:21:28: Bounds information exported.
09:21:28: Exporting submesh name table...
09:21:28: Submesh name table exported.
09:21:28: Mesh data exported.
09:21:28: MeshSerializer export successful.
