18:55:55: Creating resource group General
18:55:55: Creating resource group OgreInternal
18:55:55: Creating resource group OgreAutodetect
18:55:55: Registering ResourceManager for type Mesh
18:55:55: Registering ResourceManager for type Material
18:55:55: Registering ResourceManager for type Skeleton
18:55:55: XMLMeshSerializer reading mesh data from /home/berry-jam/Desktop/CIS5012/Code/Scrs/o3d_1-13_bull_3_coldet/dist/media/models/cup/Cup.mesh.xml...
18:55:55: Reading geometry...
18:55:55: Geometry done...
18:55:55: Reading submeshes...
18:55:55: Submeshes done.
18:55:55: Reading mesh names...
18:55:55: Mesh names done.
18:55:55: XMLMeshSerializer import successful.
18:55:55: MeshSerializer writing mesh data to stream /home/berry-jam/Desktop/CIS5012/Code/Scrs/o3d_1-13_bull_3_coldet/dist/media/models/cup/Cup.mesh...
18:55:55: File header written.
18:55:55: Writing mesh data...
18:55:55: Writing submesh...
18:55:55: Exporting submesh texture aliases...
18:55:55: Submesh texture aliases exported.
18:55:55: Submesh exported.
18:55:55: Writing submesh...
18:55:55: Exporting submesh texture aliases...
18:55:55: Submesh texture aliases exported.
18:55:55: Submesh exported.
18:55:55: Exporting bounds information....
18:55:55: Bounds information exported.
18:55:55: Exporting submesh name table...
18:55:55: Submesh name table exported.
18:55:55: Mesh data exported.
18:55:55: MeshSerializer export successful.
18:55:55: Unregistering ResourceManager for type Skeleton
18:55:55: Unregistering ResourceManager for type Material
18:55:55: Unregistering ResourceManager for type Mesh
