19:00:11: Creating resource group General
19:00:11: Creating resource group OgreInternal
19:00:11: Creating resource group OgreAutodetect
19:00:11: Registering ResourceManager for type Mesh
19:00:11: Registering ResourceManager for type Material
19:00:11: Registering ResourceManager for type Skeleton
19:00:11: XMLMeshSerializer reading mesh data from /home/berry-jam/Desktop/CIS5012/Code/Scrs/o3d_1-13_bull_3_coldet/dist/media/models/Ball/PingPongBall.mesh.xml...
19:00:11: Reading geometry...
19:00:11: Geometry done...
19:00:11: Reading submeshes...
19:00:11: Submeshes done.
19:00:11: Reading mesh names...
19:00:11: Mesh names done.
19:00:11: XMLMeshSerializer import successful.
19:00:11: MeshSerializer writing mesh data to stream /home/berry-jam/Desktop/CIS5012/Code/Scrs/o3d_1-13_bull_3_coldet/dist/media/models/Ball/PingPongBall.mesh...
19:00:11: File header written.
19:00:11: Writing mesh data...
19:00:11: Writing submesh...
19:00:11: Exporting submesh texture aliases...
19:00:11: Submesh texture aliases exported.
19:00:11: Submesh exported.
19:00:11: Exporting bounds information....
19:00:11: Bounds information exported.
19:00:11: Exporting submesh name table...
19:00:11: Submesh name table exported.
19:00:11: Mesh data exported.
19:00:11: MeshSerializer export successful.
19:00:11: Unregistering ResourceManager for type Skeleton
19:00:11: Unregistering ResourceManager for type Material
19:00:11: Unregistering ResourceManager for type Mesh
