09:24:18: XMLMeshSerializer reading mesh data from /home/berry-jam/Desktop/CIS5012/ExtremeBeerPong/dist/media/models/Table/Table.mesh.xml...
09:24:18: Reading geometry...
09:24:18: Geometry done...
09:24:18: Reading submeshes...
09:24:18: Submeshes done.
09:24:18: Reading mesh names...
09:24:18: Mesh names done.
09:24:18: XMLMeshSerializer import successful.
09:24:18: MeshSerializer writing mesh data to stream /home/berry-jam/Desktop/CIS5012/ExtremeBeerPong/dist/media/models/Table/Table.mesh...
09:24:18: File header written.
09:24:18: Writing mesh data...
09:24:18: Writing submesh...
09:24:18: Exporting submesh texture aliases...
09:24:18: Submesh texture aliases exported.
09:24:18: Submesh exported.
09:24:18: Writing submesh...
09:24:18: Exporting submesh texture aliases...
09:24:18: Submesh texture aliases exported.
09:24:18: Submesh exported.
09:24:18: Writing submesh...
09:24:18: Exporting submesh texture aliases...
09:24:18: Submesh texture aliases exported.
09:24:18: Submesh exported.
09:24:18: Writing submesh...
09:24:18: Exporting submesh texture aliases...
09:24:18: Submesh texture aliases exported.
09:24:18: Submesh exported.
09:24:18: Exporting bounds information....
09:24:18: Bounds information exported.
09:24:18: Exporting submesh name table...
09:24:18: Submesh name table exported.
09:24:18: Mesh data exported.
09:24:18: MeshSerializer export successful.
