18:52:28: Creating resource group General
18:52:28: Creating resource group OgreInternal
18:52:28: Creating resource group OgreAutodetect
18:52:28: Registering ResourceManager for type Mesh
18:52:28: Registering ResourceManager for type Material
18:52:28: Registering ResourceManager for type Skeleton
18:52:28: XMLMeshSerializer reading mesh data from /home/berry-jam/Desktop/CIS5012/Code/Scrs/o3d_1-13_bull_3_coldet/dist/media/models/Cylinder.mesh.xml...
18:52:28: Reading geometry...
18:52:28: Geometry done...
18:52:28: Reading submeshes...
18:52:28: Submeshes done.
18:52:28: Reading mesh names...
18:52:28: Mesh names done.
18:52:28: XMLMeshSerializer import successful.
18:52:28: MeshSerializer writing mesh data to stream /home/berry-jam/Desktop/CIS5012/Code/Scrs/o3d_1-13_bull_3_coldet/dist/media/models/Cylinder.mesh...
18:52:28: File header written.
18:52:28: Writing mesh data...
18:52:28: Writing submesh...
18:52:28: Exporting submesh texture aliases...
18:52:28: Submesh texture aliases exported.
18:52:28: Submesh exported.
18:52:28: Writing submesh...
18:52:28: Exporting submesh texture aliases...
18:52:28: Submesh texture aliases exported.
18:52:28: Submesh exported.
18:52:28: Exporting bounds information....
18:52:28: Bounds information exported.
18:52:28: Exporting submesh name table...
18:52:28: Submesh name table exported.
18:52:28: Mesh data exported.
18:52:28: MeshSerializer export successful.
18:52:28: Unregistering ResourceManager for type Skeleton
18:52:28: Unregistering ResourceManager for type Material
18:52:28: Unregistering ResourceManager for type Mesh
